<?xml version="1.0" encoding="UTF-8"?>
<!-- Generated by org.testng.reporters.JUnitXMLReporter -->
<testsuite ignored="4" hostname="DESKTOP-R176RUT" failures="1" tests="1" name="Test" time="0.116" errors="0" timestamp="2022-05-04T01:23:29 IST">
  <testcase classname="testCases.LoginPageTestCases" name="verifyTitleTestCase" time="0.021">
    <failure type="java.lang.NullPointerException" message="Cannot invoke &amp;quot;pages.LoginPage.verifyTitle()&amp;quot; because &amp;quot;this.login&amp;quot; is null">
      <![CDATA[java.lang.NullPointerException: Cannot invoke "pages.LoginPage.verifyTitle()" because "this.login" is null
at testCases.LoginPageTestCases.verifyTitleTestCase(LoginPageTestCases.java:37)
at java.base/java.util.ArrayList.forEach(ArrayList.java:1511)
... Removed 27 stack frames]]>
    </failure>
  </testcase> <!-- verifyTitleTestCase -->
  <testcase classname="testCases.LoginPageTestCases" name="verifyHeadingTestCase" time="0.0">
    <ignored/>
  </testcase> <!-- verifyHeadingTestCase -->
  <testcase classname="testCases.LoginPageTestCases" name="loginTestCase" time="0.0">
    <ignored/>
  </testcase> <!-- loginTestCase -->
  <testcase classname="testCases.LoginPageTestCases" name="verifyLogoTestCase" time="0.0">
    <ignored/>
  </testcase> <!-- verifyLogoTestCase -->
  <testcase classname="testCases.FacebookPageTestCases" name="sendMessageTestCase" time="0.0">
    <ignored/>
  </testcase> <!-- sendMessageTestCase -->
</testsuite> <!-- Test -->
